

*******************************************************************************
Thu Apr 14 16:24:52 2022


FIT:    data read from "Vitesse de croissance_coord_with_order_non_diagonal_different_stepWidth1_to_2.txt" using 3:4
        format = x:z
        #datapoints = 5679
        residuals are weighted equally (unit weight)

function used for fitting: f(x)
	f(x)=a*x+b
fitted parameters initialized with current variable values

iter      chisq       delta/lim  lambda   a             b            
   0 7.3968186139e+19   0.00e+00  8.07e+07    1.000000e+00   1.000000e+00
   3 5.3251967897e+07  -1.05e-03  8.07e+04    3.348826e-06   1.000000e+00

After 3 iterations the fit converged.
final sum of squares of residuals : 5.3252e+07
rel. change during last iteration : -1.04946e-08

degrees of freedom    (FIT_NDF)                        : 5677
rms of residuals      (FIT_STDFIT) = sqrt(WSSR/ndf)    : 96.852
variance of residuals (reduced chisquare) = WSSR/ndf   : 9380.3

Final set of parameters            Asymptotic Standard Error
=======================            ==========================
a               = 3.34883e-06      +/- 3.204e-08    (0.9567%)
b               = 1                +/- 3.656        (365.6%)

correlation matrix of the fit parameters:
                a      b      
a               1.000 
b              -0.936  1.000 


*******************************************************************************
Wed Apr 20 17:04:59 2022


FIT:    data read from "Vitesse de croissance_coord_with_order_non_diagonal_different_stepWidth1_to_2.txt" using 3:4
        format = x:z
BREAK: No data to fit